[2015-11-17 18:21:18] local.ERROR: exception 'InvalidArgumentException' with message 'Dotenv: Environment file .env not found or not readable. Create file with your environment settings at /home/vagrant/Code/dellconverged/.env' in /home/vagrant/Code/dellconverged/vendor/vlucas/phpdotenv/src/Dotenv.php:26
Stack trace:
#0 /home/vagrant/Code/dellconverged/app/start/local.php(2): Dotenv::load('/home/vagrant/C...')
#1 /home/vagrant/Code/dellconverged/vendor/laravel/framework/src/Illuminate/Foundation/start.php(254): require('/home/vagrant/C...')
#2 [internal function]: {closure}(Object(Illuminate\Foundation\Application))
#3 /home/vagrant/Code/dellconverged/vendor/laravel/framework/src/Illuminate/Foundation/Application.php(830): call_user_func(Object(Closure), Object(Illuminate\Foundation\Application))
#4 /home/vagrant/Code/dellconverged/vendor/laravel/framework/src/Illuminate/Foundation/Application.php(604): Illuminate\Foundation\Application->fireAppCallbacks(Array)
#5 /home/vagrant/Code/dellconverged/vendor/laravel/framework/src/Illuminate/Foundation/Application.php(587): Illuminate\Foundation\Application->bootApplication()
#6 /home/vagrant/Code/dellconverged/vendor/laravel/framework/src/Illuminate/Foundation/Application.php(743): Illuminate\Foundation\Application->boot()
#7 /home/vagrant/Code/dellconverged/vendor/laravel/framework/src/Illuminate/Session/Middleware.php(72): Illuminate\Foundation\Application->handle(Object(Illuminate\Http\Request), 1, true)
#8 /home/vagrant/Code/dellconverged/vendor/laravel/framework/src/Illuminate/Cookie/Queue.php(47): Illuminate\Session\Middleware->handle(Object(Illuminate\Http\Request), 1, true)
#9 /home/vagrant/Code/dellconverged/vendor/laravel/framework/src/Illuminate/Cookie/Guard.php(51): Illuminate\Cookie\Queue->handle(Object(Illuminate\Http\Request), 1, true)
#10 /home/vagrant/Code/dellconverged/vendor/stack/builder/src/Stack/StackedHttpKernel.php(23): Illuminate\Cookie\Guard->handle(Object(Illuminate\Http\Request), 1, true)
#11 /home/vagrant/Code/dellconverged/vendor/laravel/framework/src/Illuminate/Foundation/Application.php(641): Stack\StackedHttpKernel->handle(Object(Illuminate\Http\Request))
#12 /home/vagrant/Code/dellconverged/public/index.php(49): Illuminate\Foundation\Application->run()
#13 {main} [] []
[2015-11-19 06:27:50] local.ERROR: exception 'Guzzle\Http\Exception\CurlException' with message '[curl] 6: Could not resolve host: sqs.> 'eu-west-1'.amazonaws.com [url] https://sqs.> 'eu-west-1'.amazonaws.com/>%20'https:/sqs.eu-west-1.amazonaws.com/716643049827/Homestead',' in /home/vagrant/Code/dellconverged/vendor/guzzle/guzzle/src/Guzzle/Http/Curl/CurlMulti.php:359
Stack trace:
#0 /home/vagrant/Code/dellconverged/vendor/guzzle/guzzle/src/Guzzle/Http/Curl/CurlMulti.php(292): Guzzle\Http\Curl\CurlMulti->isCurlException(Object(Guzzle\Http\Message\EntityEnclosingRequest), Object(Guzzle\Http\Curl\CurlHandle), Array)
#1 /home/vagrant/Code/dellconverged/vendor/guzzle/guzzle/src/Guzzle/Http/Curl/CurlMulti.php(257): Guzzle\Http\Curl\CurlMulti->processResponse(Object(Guzzle\Http\Message\EntityEnclosingRequest), Object(Guzzle\Http\Curl\CurlHandle), Array)
#2 /home/vagrant/Code/dellconverged/vendor/guzzle/guzzle/src/Guzzle/Http/Curl/CurlMulti.php(240): Guzzle\Http\Curl\CurlMulti->processMessages()
#3 /home/vagrant/Code/dellconverged/vendor/guzzle/guzzle/src/Guzzle/Http/Curl/CurlMulti.php(224): Guzzle\Http\Curl\CurlMulti->executeHandles()
#4 /home/vagrant/Code/dellconverged/vendor/guzzle/guzzle/src/Guzzle/Http/Curl/CurlMulti.php(111): Guzzle\Http\Curl\CurlMulti->perform()
#5 /home/vagrant/Code/dellconverged/vendor/guzzle/guzzle/src/Guzzle/Http/Curl/CurlMultiProxy.php(94): Guzzle\Http\Curl\CurlMulti->send()
#6 /home/vagrant/Code/dellconverged/vendor/guzzle/guzzle/src/Guzzle/Http/Client.php(284): Guzzle\Http\Curl\CurlMultiProxy->send()
#7 /home/vagrant/Code/dellconverged/vendor/aws/aws-sdk-php/src/Aws/Common/Client/AbstractClient.php(256): Guzzle\Http\Client->send(Object(Guzzle\Http\Message\EntityEnclosingRequest))
#8 /home/vagrant/Code/dellconverged/vendor/guzzle/guzzle/src/Guzzle/Service/Client.php(136): Aws\Common\Client\AbstractClient->send(Object(Guzzle\Http\Message\EntityEnclosingRequest))
#9 /home/vagrant/Code/dellconverged/vendor/guzzle/guzzle/src/Guzzle/Service/Command/AbstractCommand.php(153): Guzzle\Service\Client->execute(Object(Aws\Common\Command\QueryCommand))
#10 /home/vagrant/Code/dellconverged/vendor/guzzle/guzzle/src/Guzzle/Service/Command/AbstractCommand.php(189): Guzzle\Service\Command\AbstractCommand->execute()
#11 /home/vagrant/Code/dellconverged/vendor/guzzle/guzzle/src/Guzzle/Service/Client.php(76): Guzzle\Service\Command\AbstractCommand->getResult()
#12 /home/vagrant/Code/dellconverged/vendor/aws/aws-sdk-php/src/Aws/Common/Client/AbstractClient.php(104): Guzzle\Service\Client->__call('SendMessage', Array)
#13 /home/vagrant/Code/dellconverged/vendor/laravel/framework/src/Illuminate/Queue/SqsQueue.php(58): Aws\Common\Client\AbstractClient->__call('sendMessage', Array)
#14 /home/vagrant/Code/dellconverged/vendor/laravel/framework/src/Illuminate/Queue/SqsQueue.php(58): Aws\Sqs\SqsClient->sendMessage(Array)
#15 /home/vagrant/Code/dellconverged/vendor/laravel/framework/src/Illuminate/Queue/SqsQueue.php(45): Illuminate\Queue\SqsQueue->pushRaw('{"job":"mailer@...', NULL)
#16 [internal function]: Illuminate\Queue\SqsQueue->push('mailer@handleQu...', Array, NULL)
#17 /home/vagrant/Code/dellconverged/vendor/laravel/framework/src/Illuminate/Queue/QueueManager.php(220): call_user_func_array(Array, Array)
#18 /home/vagrant/Code/dellconverged/vendor/laravel/framework/src/Illuminate/Mail/Mailer.php(167): Illuminate\Queue\QueueManager->__call('push', Array)
#19 /home/vagrant/Code/dellconverged/vendor/laravel/framework/src/Illuminate/Mail/Mailer.php(167): Illuminate\Queue\QueueManager->push('mailer@handleQu...', Array, NULL)
#20 /home/vagrant/Code/dellconverged/vendor/laravel/framework/src/Illuminate/Support/Facades/Facade.php(214): Illuminate\Mail\Mailer->queue('emails.endownlo...', Array, Object(Closure))
#21 /home/vagrant/Code/dellconverged/app/controllers/AssesmentController.php(362): Illuminate\Support\Facades\Facade::__callStatic('queue', Array)
#22 /home/vagrant/Code/dellconverged/app/controllers/AssesmentController.php(362): Illuminate\Support\Facades\Mail::queue('emails.endownlo...', Array, Object(Closure))
#23 [internal function]: AssesmentController->postComplete()
#24 /home/vagrant/Code/dellconverged/vendor/laravel/framework/src/Illuminate/Routing/Controller.php(231): call_user_func_array(Array, Array)
#25 /home/vagrant/Code/dellconverged/vendor/laravel/framework/src/Illuminate/Routing/ControllerDispatcher.php(93): Illuminate\Routing\Controller->callAction('postComplete', Array)
#26 /home/vagrant/Code/dellconverged/vendor/laravel/framework/src/Illuminate/Routing/ControllerDispatcher.php(62): Illuminate\Routing\ControllerDispatcher->call(Object(AssesmentController), Object(Illuminate\Routing\Route), 'postComplete')
#27 /home/vagrant/Code/dellconverged/vendor/laravel/framework/src/Illuminate/Routing/Router.php(967): Illuminate\Routing\ControllerDispatcher->dispatch(Object(Illuminate\Routing\Route), Object(Illuminate\Http\Request), 'AssesmentContro...', 'postComplete')
#28 [internal function]: Illuminate\Routing\Router->Illuminate\Routing\{closure}()
#29 /home/vagrant/Code/dellconverged/vendor/laravel/framework/src/Illuminate/Routing/Route.php(109): call_user_func_array(Object(Closure), Array)
#30 /home/vagrant/Code/dellconverged/vendor/laravel/framework/src/Illuminate/Routing/Router.php(1033): Illuminate\Routing\Route->run(Object(Illuminate\Http\Request))
#31 /home/vagrant/Code/dellconverged/vendor/laravel/framework/src/Illuminate/Routing/Router.php(1001): Illuminate\Routing\Router->dispatchToRoute(Object(Illuminate\Http\Request))
#32 /home/vagrant/Code/dellconverged/vendor/laravel/framework/src/Illuminate/Foundation/Application.php(775): Illuminate\Routing\Router->dispatch(Object(Illuminate\Http\Request))
#33 /home/vagrant/Code/dellconverged/vendor/laravel/framework/src/Illuminate/Foundation/Application.php(745): Illuminate\Foundation\Application->dispatch(Object(Illuminate\Http\Request))
#34 /home/vagrant/Code/dellconverged/vendor/laravel/framework/src/Illuminate/Session/Middleware.php(72): Illuminate\Foundation\Application->handle(Object(Illuminate\Http\Request), 1, true)
#35 /home/vagrant/Code/dellconverged/vendor/laravel/framework/src/Illuminate/Cookie/Queue.php(47): Illuminate\Session\Middleware->handle(Object(Illuminate\Http\Request), 1, true)
#36 /home/vagrant/Code/dellconverged/vendor/laravel/framework/src/Illuminate/Cookie/Guard.php(51): Illuminate\Cookie\Queue->handle(Object(Illuminate\Http\Request), 1, true)
#37 /home/vagrant/Code/dellconverged/vendor/stack/builder/src/Stack/StackedHttpKernel.php(23): Illuminate\Cookie\Guard->handle(Object(Illuminate\Http\Request), 1, true)
#38 /home/vagrant/Code/dellconverged/vendor/laravel/framework/src/Illuminate/Foundation/Application.php(641): Stack\StackedHttpKernel->handle(Object(Illuminate\Http\Request))
#39 /home/vagrant/Code/dellconverged/public/index.php(49): Illuminate\Foundation\Application->run()
#40 {main}

Next exception 'Aws\Common\Exception\TransferException' with message '[curl] 6: Could not resolve host: sqs.> 'eu-west-1'.amazonaws.com [url] https://sqs.> 'eu-west-1'.amazonaws.com/>%20'https:/sqs.eu-west-1.amazonaws.com/716643049827/Homestead',' in /home/vagrant/Code/dellconverged/vendor/aws/aws-sdk-php/src/Aws/Common/Client/AbstractClient.php:258
Stack trace:
#0 /home/vagrant/Code/dellconverged/vendor/guzzle/guzzle/src/Guzzle/Service/Client.php(136): Aws\Common\Client\AbstractClient->send(Object(Guzzle\Http\Message\EntityEnclosingRequest))
#1 /home/vagrant/Code/dellconverged/vendor/guzzle/guzzle/src/Guzzle/Service/Command/AbstractCommand.php(153): Guzzle\Service\Client->execute(Object(Aws\Common\Command\QueryCommand))
#2 /home/vagrant/Code/dellconverged/vendor/guzzle/guzzle/src/Guzzle/Service/Command/AbstractCommand.php(189): Guzzle\Service\Command\AbstractCommand->execute()
#3 /home/vagrant/Code/dellconverged/vendor/guzzle/guzzle/src/Guzzle/Service/Client.php(76): Guzzle\Service\Command\AbstractCommand->getResult()
#4 /home/vagrant/Code/dellconverged/vendor/aws/aws-sdk-php/src/Aws/Common/Client/AbstractClient.php(104): Guzzle\Service\Client->__call('SendMessage', Array)
#5 /home/vagrant/Code/dellconverged/vendor/laravel/framework/src/Illuminate/Queue/SqsQueue.php(58): Aws\Common\Client\AbstractClient->__call('sendMessage', Array)
#6 /home/vagrant/Code/dellconverged/vendor/laravel/framework/src/Illuminate/Queue/SqsQueue.php(58): Aws\Sqs\SqsClient->sendMessage(Array)
#7 /home/vagrant/Code/dellconverged/vendor/laravel/framework/src/Illuminate/Queue/SqsQueue.php(45): Illuminate\Queue\SqsQueue->pushRaw('{"job":"mailer@...', NULL)
#8 [internal function]: Illuminate\Queue\SqsQueue->push('mailer@handleQu...', Array, NULL)
#9 /home/vagrant/Code/dellconverged/vendor/laravel/framework/src/Illuminate/Queue/QueueManager.php(220): call_user_func_array(Array, Array)
#10 /home/vagrant/Code/dellconverged/vendor/laravel/framework/src/Illuminate/Mail/Mailer.php(167): Illuminate\Queue\QueueManager->__call('push', Array)
#11 /home/vagrant/Code/dellconverged/vendor/laravel/framework/src/Illuminate/Mail/Mailer.php(167): Illuminate\Queue\QueueManager->push('mailer@handleQu...', Array, NULL)
#12 /home/vagrant/Code/dellconverged/vendor/laravel/framework/src/Illuminate/Support/Facades/Facade.php(214): Illuminate\Mail\Mailer->queue('emails.endownlo...', Array, Object(Closure))
#13 /home/vagrant/Code/dellconverged/app/controllers/AssesmentController.php(362): Illuminate\Support\Facades\Facade::__callStatic('queue', Array)
#14 /home/vagrant/Code/dellconverged/app/controllers/AssesmentController.php(362): Illuminate\Support\Facades\Mail::queue('emails.endownlo...', Array, Object(Closure))
#15 [internal function]: AssesmentController->postComplete()
#16 /home/vagrant/Code/dellconverged/vendor/laravel/framework/src/Illuminate/Routing/Controller.php(231): call_user_func_array(Array, Array)
#17 /home/vagrant/Code/dellconverged/vendor/laravel/framework/src/Illuminate/Routing/ControllerDispatcher.php(93): Illuminate\Routing\Controller->callAction('postComplete', Array)
#18 /home/vagrant/Code/dellconverged/vendor/laravel/framework/src/Illuminate/Routing/ControllerDispatcher.php(62): Illuminate\Routing\ControllerDispatcher->call(Object(AssesmentController), Object(Illuminate\Routing\Route), 'postComplete')
#19 /home/vagrant/Code/dellconverged/vendor/laravel/framework/src/Illuminate/Routing/Router.php(967): Illuminate\Routing\ControllerDispatcher->dispatch(Object(Illuminate\Routing\Route), Object(Illuminate\Http\Request), 'AssesmentContro...', 'postComplete')
#20 [internal function]: Illuminate\Routing\Router->Illuminate\Routing\{closure}()
#21 /home/vagrant/Code/dellconverged/vendor/laravel/framework/src/Illuminate/Routing/Route.php(109): call_user_func_array(Object(Closure), Array)
#22 /home/vagrant/Code/dellconverged/vendor/laravel/framework/src/Illuminate/Routing/Router.php(1033): Illuminate\Routing\Route->run(Object(Illuminate\Http\Request))
#23 /home/vagrant/Code/dellconverged/vendor/laravel/framework/src/Illuminate/Routing/Router.php(1001): Illuminate\Routing\Router->dispatchToRoute(Object(Illuminate\Http\Request))
#24 /home/vagrant/Code/dellconverged/vendor/laravel/framework/src/Illuminate/Foundation/Application.php(775): Illuminate\Routing\Router->dispatch(Object(Illuminate\Http\Request))
#25 /home/vagrant/Code/dellconverged/vendor/laravel/framework/src/Illuminate/Foundation/Application.php(745): Illuminate\Foundation\Application->dispatch(Object(Illuminate\Http\Request))
#26 /home/vagrant/Code/dellconverged/vendor/laravel/framework/src/Illuminate/Session/Middleware.php(72): Illuminate\Foundation\Application->handle(Object(Illuminate\Http\Request), 1, true)
#27 /home/vagrant/Code/dellconverged/vendor/laravel/framework/src/Illuminate/Cookie/Queue.php(47): Illuminate\Session\Middleware->handle(Object(Illuminate\Http\Request), 1, true)
#28 /home/vagrant/Code/dellconverged/vendor/laravel/framework/src/Illuminate/Cookie/Guard.php(51): Illuminate\Cookie\Queue->handle(Object(Illuminate\Http\Request), 1, true)
#29 /home/vagrant/Code/dellconverged/vendor/stack/builder/src/Stack/StackedHttpKernel.php(23): Illuminate\Cookie\Guard->handle(Object(Illuminate\Http\Request), 1, true)
#30 /home/vagrant/Code/dellconverged/vendor/laravel/framework/src/Illuminate/Foundation/Application.php(641): Stack\StackedHttpKernel->handle(Object(Illuminate\Http\Request))
#31 /home/vagrant/Code/dellconverged/public/index.php(49): Illuminate\Foundation\Application->run()
#32 {main} [] []
[2015-11-19 06:29:50] local.ERROR: exception 'Guzzle\Http\Exception\CurlException' with message '[curl] 6: Could not resolve host: sqs.> 'eu-west-1'.amazonaws.com [url] https://sqs.> 'eu-west-1'.amazonaws.com/>%20'https:/sqs.eu-west-1.amazonaws.com/716643049827/Homestead',' in /home/vagrant/Code/dellconverged/vendor/guzzle/guzzle/src/Guzzle/Http/Curl/CurlMulti.php:359
Stack trace:
#0 /home/vagrant/Code/dellconverged/vendor/guzzle/guzzle/src/Guzzle/Http/Curl/CurlMulti.php(292): Guzzle\Http\Curl\CurlMulti->isCurlException(Object(Guzzle\Http\Message\EntityEnclosingRequest), Object(Guzzle\Http\Curl\CurlHandle), Array)
#1 /home/vagrant/Code/dellconverged/vendor/guzzle/guzzle/src/Guzzle/Http/Curl/CurlMulti.php(257): Guzzle\Http\Curl\CurlMulti->processResponse(Object(Guzzle\Http\Message\EntityEnclosingRequest), Object(Guzzle\Http\Curl\CurlHandle), Array)
#2 /home/vagrant/Code/dellconverged/vendor/guzzle/guzzle/src/Guzzle/Http/Curl/CurlMulti.php(240): Guzzle\Http\Curl\CurlMulti->processMessages()
#3 /home/vagrant/Code/dellconverged/vendor/guzzle/guzzle/src/Guzzle/Http/Curl/CurlMulti.php(224): Guzzle\Http\Curl\CurlMulti->executeHandles()
#4 /home/vagrant/Code/dellconverged/vendor/guzzle/guzzle/src/Guzzle/Http/Curl/CurlMulti.php(111): Guzzle\Http\Curl\CurlMulti->perform()
#5 /home/vagrant/Code/dellconverged/vendor/guzzle/guzzle/src/Guzzle/Http/Curl/CurlMultiProxy.php(94): Guzzle\Http\Curl\CurlMulti->send()
#6 /home/vagrant/Code/dellconverged/vendor/guzzle/guzzle/src/Guzzle/Http/Client.php(284): Guzzle\Http\Curl\CurlMultiProxy->send()
#7 /home/vagrant/Code/dellconverged/vendor/aws/aws-sdk-php/src/Aws/Common/Client/AbstractClient.php(256): Guzzle\Http\Client->send(Object(Guzzle\Http\Message\EntityEnclosingRequest))
#8 /home/vagrant/Code/dellconverged/vendor/guzzle/guzzle/src/Guzzle/Service/Client.php(136): Aws\Common\Client\AbstractClient->send(Object(Guzzle\Http\Message\EntityEnclosingRequest))
#9 /home/vagrant/Code/dellconverged/vendor/guzzle/guzzle/src/Guzzle/Service/Command/AbstractCommand.php(153): Guzzle\Service\Client->execute(Object(Aws\Common\Command\QueryCommand))
#10 /home/vagrant/Code/dellconverged/vendor/guzzle/guzzle/src/Guzzle/Service/Command/AbstractCommand.php(189): Guzzle\Service\Command\AbstractCommand->execute()
#11 /home/vagrant/Code/dellconverged/vendor/guzzle/guzzle/src/Guzzle/Service/Client.php(76): Guzzle\Service\Command\AbstractCommand->getResult()
#12 /home/vagrant/Code/dellconverged/vendor/aws/aws-sdk-php/src/Aws/Common/Client/AbstractClient.php(104): Guzzle\Service\Client->__call('SendMessage', Array)
#13 /home/vagrant/Code/dellconverged/vendor/laravel/framework/src/Illuminate/Queue/SqsQueue.php(58): Aws\Common\Client\AbstractClient->__call('sendMessage', Array)
#14 /home/vagrant/Code/dellconverged/vendor/laravel/framework/src/Illuminate/Queue/SqsQueue.php(58): Aws\Sqs\SqsClient->sendMessage(Array)
#15 /home/vagrant/Code/dellconverged/vendor/laravel/framework/src/Illuminate/Queue/SqsQueue.php(45): Illuminate\Queue\SqsQueue->pushRaw('{"job":"mailer@...', NULL)
#16 [internal function]: Illuminate\Queue\SqsQueue->push('mailer@handleQu...', Array, NULL)
#17 /home/vagrant/Code/dellconverged/vendor/laravel/framework/src/Illuminate/Queue/QueueManager.php(220): call_user_func_array(Array, Array)
#18 /home/vagrant/Code/dellconverged/vendor/laravel/framework/src/Illuminate/Mail/Mailer.php(167): Illuminate\Queue\QueueManager->__call('push', Array)
#19 /home/vagrant/Code/dellconverged/vendor/laravel/framework/src/Illuminate/Mail/Mailer.php(167): Illuminate\Queue\QueueManager->push('mailer@handleQu...', Array, NULL)
#20 /home/vagrant/Code/dellconverged/vendor/laravel/framework/src/Illuminate/Support/Facades/Facade.php(214): Illuminate\Mail\Mailer->queue('emails.endownlo...', Array, Object(Closure))
#21 /home/vagrant/Code/dellconverged/app/controllers/AssesmentController.php(362): Illuminate\Support\Facades\Facade::__callStatic('queue', Array)
#22 /home/vagrant/Code/dellconverged/app/controllers/AssesmentController.php(362): Illuminate\Support\Facades\Mail::queue('emails.endownlo...', Array, Object(Closure))
#23 [internal function]: AssesmentController->postComplete()
#24 /home/vagrant/Code/dellconverged/vendor/laravel/framework/src/Illuminate/Routing/Controller.php(231): call_user_func_array(Array, Array)
#25 /home/vagrant/Code/dellconverged/vendor/laravel/framework/src/Illuminate/Routing/ControllerDispatcher.php(93): Illuminate\Routing\Controller->callAction('postComplete', Array)
#26 /home/vagrant/Code/dellconverged/vendor/laravel/framework/src/Illuminate/Routing/ControllerDispatcher.php(62): Illuminate\Routing\ControllerDispatcher->call(Object(AssesmentController), Object(Illuminate\Routing\Route), 'postComplete')
#27 /home/vagrant/Code/dellconverged/vendor/laravel/framework/src/Illuminate/Routing/Router.php(967): Illuminate\Routing\ControllerDispatcher->dispatch(Object(Illuminate\Routing\Route), Object(Illuminate\Http\Request), 'AssesmentContro...', 'postComplete')
#28 [internal function]: Illuminate\Routing\Router->Illuminate\Routing\{closure}()
#29 /home/vagrant/Code/dellconverged/vendor/laravel/framework/src/Illuminate/Routing/Route.php(109): call_user_func_array(Object(Closure), Array)
#30 /home/vagrant/Code/dellconverged/vendor/laravel/framework/src/Illuminate/Routing/Router.php(1033): Illuminate\Routing\Route->run(Object(Illuminate\Http\Request))
#31 /home/vagrant/Code/dellconverged/vendor/laravel/framework/src/Illuminate/Routing/Router.php(1001): Illuminate\Routing\Router->dispatchToRoute(Object(Illuminate\Http\Request))
#32 /home/vagrant/Code/dellconverged/vendor/laravel/framework/src/Illuminate/Foundation/Application.php(775): Illuminate\Routing\Router->dispatch(Object(Illuminate\Http\Request))
#33 /home/vagrant/Code/dellconverged/vendor/laravel/framework/src/Illuminate/Foundation/Application.php(745): Illuminate\Foundation\Application->dispatch(Object(Illuminate\Http\Request))
#34 /home/vagrant/Code/dellconverged/vendor/laravel/framework/src/Illuminate/Session/Middleware.php(72): Illuminate\Foundation\Application->handle(Object(Illuminate\Http\Request), 1, true)
#35 /home/vagrant/Code/dellconverged/vendor/laravel/framework/src/Illuminate/Cookie/Queue.php(47): Illuminate\Session\Middleware->handle(Object(Illuminate\Http\Request), 1, true)
#36 /home/vagrant/Code/dellconverged/vendor/laravel/framework/src/Illuminate/Cookie/Guard.php(51): Illuminate\Cookie\Queue->handle(Object(Illuminate\Http\Request), 1, true)
#37 /home/vagrant/Code/dellconverged/vendor/stack/builder/src/Stack/StackedHttpKernel.php(23): Illuminate\Cookie\Guard->handle(Object(Illuminate\Http\Request), 1, true)
#38 /home/vagrant/Code/dellconverged/vendor/laravel/framework/src/Illuminate/Foundation/Application.php(641): Stack\StackedHttpKernel->handle(Object(Illuminate\Http\Request))
#39 /home/vagrant/Code/dellconverged/public/index.php(49): Illuminate\Foundation\Application->run()
#40 {main}

Next exception 'Aws\Common\Exception\TransferException' with message '[curl] 6: Could not resolve host: sqs.> 'eu-west-1'.amazonaws.com [url] https://sqs.> 'eu-west-1'.amazonaws.com/>%20'https:/sqs.eu-west-1.amazonaws.com/716643049827/Homestead',' in /home/vagrant/Code/dellconverged/vendor/aws/aws-sdk-php/src/Aws/Common/Client/AbstractClient.php:258
Stack trace:
#0 /home/vagrant/Code/dellconverged/vendor/guzzle/guzzle/src/Guzzle/Service/Client.php(136): Aws\Common\Client\AbstractClient->send(Object(Guzzle\Http\Message\EntityEnclosingRequest))
#1 /home/vagrant/Code/dellconverged/vendor/guzzle/guzzle/src/Guzzle/Service/Command/AbstractCommand.php(153): Guzzle\Service\Client->execute(Object(Aws\Common\Command\QueryCommand))
#2 /home/vagrant/Code/dellconverged/vendor/guzzle/guzzle/src/Guzzle/Service/Command/AbstractCommand.php(189): Guzzle\Service\Command\AbstractCommand->execute()
#3 /home/vagrant/Code/dellconverged/vendor/guzzle/guzzle/src/Guzzle/Service/Client.php(76): Guzzle\Service\Command\AbstractCommand->getResult()
#4 /home/vagrant/Code/dellconverged/vendor/aws/aws-sdk-php/src/Aws/Common/Client/AbstractClient.php(104): Guzzle\Service\Client->__call('SendMessage', Array)
#5 /home/vagrant/Code/dellconverged/vendor/laravel/framework/src/Illuminate/Queue/SqsQueue.php(58): Aws\Common\Client\AbstractClient->__call('sendMessage', Array)
#6 /home/vagrant/Code/dellconverged/vendor/laravel/framework/src/Illuminate/Queue/SqsQueue.php(58): Aws\Sqs\SqsClient->sendMessage(Array)
#7 /home/vagrant/Code/dellconverged/vendor/laravel/framework/src/Illuminate/Queue/SqsQueue.php(45): Illuminate\Queue\SqsQueue->pushRaw('{"job":"mailer@...', NULL)
#8 [internal function]: Illuminate\Queue\SqsQueue->push('mailer@handleQu...', Array, NULL)
#9 /home/vagrant/Code/dellconverged/vendor/laravel/framework/src/Illuminate/Queue/QueueManager.php(220): call_user_func_array(Array, Array)
#10 /home/vagrant/Code/dellconverged/vendor/laravel/framework/src/Illuminate/Mail/Mailer.php(167): Illuminate\Queue\QueueManager->__call('push', Array)
#11 /home/vagrant/Code/dellconverged/vendor/laravel/framework/src/Illuminate/Mail/Mailer.php(167): Illuminate\Queue\QueueManager->push('mailer@handleQu...', Array, NULL)
#12 /home/vagrant/Code/dellconverged/vendor/laravel/framework/src/Illuminate/Support/Facades/Facade.php(214): Illuminate\Mail\Mailer->queue('emails.endownlo...', Array, Object(Closure))
#13 /home/vagrant/Code/dellconverged/app/controllers/AssesmentController.php(362): Illuminate\Support\Facades\Facade::__callStatic('queue', Array)
#14 /home/vagrant/Code/dellconverged/app/controllers/AssesmentController.php(362): Illuminate\Support\Facades\Mail::queue('emails.endownlo...', Array, Object(Closure))
#15 [internal function]: AssesmentController->postComplete()
#16 /home/vagrant/Code/dellconverged/vendor/laravel/framework/src/Illuminate/Routing/Controller.php(231): call_user_func_array(Array, Array)
#17 /home/vagrant/Code/dellconverged/vendor/laravel/framework/src/Illuminate/Routing/ControllerDispatcher.php(93): Illuminate\Routing\Controller->callAction('postComplete', Array)
#18 /home/vagrant/Code/dellconverged/vendor/laravel/framework/src/Illuminate/Routing/ControllerDispatcher.php(62): Illuminate\Routing\ControllerDispatcher->call(Object(AssesmentController), Object(Illuminate\Routing\Route), 'postComplete')
#19 /home/vagrant/Code/dellconverged/vendor/laravel/framework/src/Illuminate/Routing/Router.php(967): Illuminate\Routing\ControllerDispatcher->dispatch(Object(Illuminate\Routing\Route), Object(Illuminate\Http\Request), 'AssesmentContro...', 'postComplete')
#20 [internal function]: Illuminate\Routing\Router->Illuminate\Routing\{closure}()
#21 /home/vagrant/Code/dellconverged/vendor/laravel/framework/src/Illuminate/Routing/Route.php(109): call_user_func_array(Object(Closure), Array)
#22 /home/vagrant/Code/dellconverged/vendor/laravel/framework/src/Illuminate/Routing/Router.php(1033): Illuminate\Routing\Route->run(Object(Illuminate\Http\Request))
#23 /home/vagrant/Code/dellconverged/vendor/laravel/framework/src/Illuminate/Routing/Router.php(1001): Illuminate\Routing\Router->dispatchToRoute(Object(Illuminate\Http\Request))
#24 /home/vagrant/Code/dellconverged/vendor/laravel/framework/src/Illuminate/Foundation/Application.php(775): Illuminate\Routing\Router->dispatch(Object(Illuminate\Http\Request))
#25 /home/vagrant/Code/dellconverged/vendor/laravel/framework/src/Illuminate/Foundation/Application.php(745): Illuminate\Foundation\Application->dispatch(Object(Illuminate\Http\Request))
#26 /home/vagrant/Code/dellconverged/vendor/laravel/framework/src/Illuminate/Session/Middleware.php(72): Illuminate\Foundation\Application->handle(Object(Illuminate\Http\Request), 1, true)
#27 /home/vagrant/Code/dellconverged/vendor/laravel/framework/src/Illuminate/Cookie/Queue.php(47): Illuminate\Session\Middleware->handle(Object(Illuminate\Http\Request), 1, true)
#28 /home/vagrant/Code/dellconverged/vendor/laravel/framework/src/Illuminate/Cookie/Guard.php(51): Illuminate\Cookie\Queue->handle(Object(Illuminate\Http\Request), 1, true)
#29 /home/vagrant/Code/dellconverged/vendor/stack/builder/src/Stack/StackedHttpKernel.php(23): Illuminate\Cookie\Guard->handle(Object(Illuminate\Http\Request), 1, true)
#30 /home/vagrant/Code/dellconverged/vendor/laravel/framework/src/Illuminate/Foundation/Application.php(641): Stack\StackedHttpKernel->handle(Object(Illuminate\Http\Request))
#31 /home/vagrant/Code/dellconverged/public/index.php(49): Illuminate\Foundation\Application->run()
#32 {main} [] []
[2015-11-19 06:55:34] local.ERROR: exception 'Symfony\Component\Debug\Exception\FatalErrorException' with message 'syntax error, unexpected 'applications' (T_STRING), expecting ')'' in /home/vagrant/Code/dellconverged/app/lang/fr/report.php:20
Stack trace:
#0 [internal function]: Illuminate\Exception\Handler->handleShutdown()
#1 {main} [] []
[2015-11-19 11:53:14] local.ERROR: exception 'Symfony\Component\Debug\Exception\FatalErrorException' with message 'syntax error, unexpected 'as' (T_AS), expecting ')'' in /home/vagrant/Code/dellconverged/app/lang/en/general.php:81
Stack trace:
#0 [internal function]: Illuminate\Exception\Handler->handleShutdown()
#1 {main} [] []
[2015-11-19 11:53:26] local.ERROR: exception 'ErrorException' with message 'Use of undefined constant general - assumed 'general'' in /home/vagrant/Code/dellconverged/app/storage/views/78ff9bde9b7b05bdb1cee76e53c5ee0c:9
Stack trace:
#0 /home/vagrant/Code/dellconverged/app/storage/views/78ff9bde9b7b05bdb1cee76e53c5ee0c(9): Illuminate\Exception\Handler->handleError(8, 'Use of undefine...', '/home/vagrant/C...', 9, Array)
#1 /home/vagrant/Code/dellconverged/vendor/laravel/framework/src/Illuminate/View/Engines/PhpEngine.php(37): include('/home/vagrant/C...')
#2 /home/vagrant/Code/dellconverged/vendor/laravel/framework/src/Illuminate/View/Engines/CompilerEngine.php(56): Illuminate\View\Engines\PhpEngine->evaluatePath('/home/vagrant/C...', Array)
#3 /home/vagrant/Code/dellconverged/vendor/laravel/framework/src/Illuminate/View/View.php(134): Illuminate\View\Engines\CompilerEngine->get('/home/vagrant/C...', Array)
#4 /home/vagrant/Code/dellconverged/vendor/laravel/framework/src/Illuminate/View/View.php(102): Illuminate\View\View->getContents()
#5 /home/vagrant/Code/dellconverged/vendor/laravel/framework/src/Illuminate/View/View.php(76): Illuminate\View\View->renderContents()
#6 /home/vagrant/Code/dellconverged/app/storage/views/4273e90171523f7af9e3eb3fe83ce731(114): Illuminate\View\View->render()
#7 /home/vagrant/Code/dellconverged/vendor/laravel/framework/src/Illuminate/View/Engines/PhpEngine.php(37): include('/home/vagrant/C...')
#8 /home/vagrant/Code/dellconverged/vendor/laravel/framework/src/Illuminate/View/Engines/CompilerEngine.php(56): Illuminate\View\Engines\PhpEngine->evaluatePath('/home/vagrant/C...', Array)
#9 /home/vagrant/Code/dellconverged/vendor/laravel/framework/src/Illuminate/View/View.php(134): Illuminate\View\Engines\CompilerEngine->get('/home/vagrant/C...', Array)
#10 /home/vagrant/Code/dellconverged/vendor/laravel/framework/src/Illuminate/View/View.php(102): Illuminate\View\View->getContents()
#11 /home/vagrant/Code/dellconverged/vendor/laravel/framework/src/Illuminate/View/View.php(76): Illuminate\View\View->renderContents()
#12 /home/vagrant/Code/dellconverged/app/storage/views/bcd70222fa904fb9a3c719103a977953(69): Illuminate\View\View->render()
#13 /home/vagrant/Code/dellconverged/vendor/laravel/framework/src/Illuminate/View/Engines/PhpEngine.php(37): include('/home/vagrant/C...')
#14 /home/vagrant/Code/dellconverged/vendor/laravel/framework/src/Illuminate/View/Engines/CompilerEngine.php(56): Illuminate\View\Engines\PhpEngine->evaluatePath('/home/vagrant/C...', Array)
#15 /home/vagrant/Code/dellconverged/vendor/laravel/framework/src/Illuminate/View/View.php(134): Illuminate\View\Engines\CompilerEngine->get('/home/vagrant/C...', Array)
#16 /home/vagrant/Code/dellconverged/vendor/laravel/framework/src/Illuminate/View/View.php(102): Illuminate\View\View->getContents()
#17 /home/vagrant/Code/dellconverged/vendor/laravel/framework/src/Illuminate/View/View.php(76): Illuminate\View\View->renderContents()
#18 /home/vagrant/Code/dellconverged/vendor/laravel/framework/src/Illuminate/Http/Response.php(43): Illuminate\View\View->render()
#19 /home/vagrant/Code/dellconverged/vendor/symfony/http-foundation/Symfony/Component/HttpFoundation/Response.php(202): Illuminate\Http\Response->setContent(Object(Illuminate\View\View))
#20 /home/vagrant/Code/dellconverged/vendor/laravel/framework/src/Illuminate/Routing/Router.php(1501): Symfony\Component\HttpFoundation\Response->__construct(Object(Illuminate\View\View))
#21 /home/vagrant/Code/dellconverged/vendor/laravel/framework/src/Illuminate/Routing/Router.php(1036): Illuminate\Routing\Router->prepareResponse(Object(Illuminate\Http\Request), Object(Illuminate\View\View))
#22 /home/vagrant/Code/dellconverged/vendor/laravel/framework/src/Illuminate/Routing/Router.php(1001): Illuminate\Routing\Router->dispatchToRoute(Object(Illuminate\Http\Request))
#23 /home/vagrant/Code/dellconverged/vendor/laravel/framework/src/Illuminate/Foundation/Application.php(775): Illuminate\Routing\Router->dispatch(Object(Illuminate\Http\Request))
#24 /home/vagrant/Code/dellconverged/vendor/laravel/framework/src/Illuminate/Foundation/Application.php(745): Illuminate\Foundation\Application->dispatch(Object(Illuminate\Http\Request))
#25 /home/vagrant/Code/dellconverged/vendor/laravel/framework/src/Illuminate/Session/Middleware.php(72): Illuminate\Foundation\Application->handle(Object(Illuminate\Http\Request), 1, true)
#26 /home/vagrant/Code/dellconverged/vendor/laravel/framework/src/Illuminate/Cookie/Queue.php(47): Illuminate\Session\Middleware->handle(Object(Illuminate\Http\Request), 1, true)
#27 /home/vagrant/Code/dellconverged/vendor/laravel/framework/src/Illuminate/Cookie/Guard.php(51): Illuminate\Cookie\Queue->handle(Object(Illuminate\Http\Request), 1, true)
#28 /home/vagrant/Code/dellconverged/vendor/stack/builder/src/Stack/StackedHttpKernel.php(23): Illuminate\Cookie\Guard->handle(Object(Illuminate\Http\Request), 1, true)
#29 /home/vagrant/Code/dellconverged/vendor/laravel/framework/src/Illuminate/Foundation/Application.php(641): Stack\StackedHttpKernel->handle(Object(Illuminate\Http\Request))
#30 /home/vagrant/Code/dellconverged/public/index.php(49): Illuminate\Foundation\Application->run()
#31 {main}

Next exception 'ErrorException' with message 'Use of undefined constant general - assumed 'general' (View: /home/vagrant/Code/dellconverged/app/views/_modal/disclaimer.blade.php)' in /home/vagrant/Code/dellconverged/app/storage/views/78ff9bde9b7b05bdb1cee76e53c5ee0c:9
Stack trace:
#0 /home/vagrant/Code/dellconverged/vendor/laravel/framework/src/Illuminate/View/Engines/PhpEngine.php(41): Illuminate\View\Engines\CompilerEngine->handleViewException(Object(ErrorException), 1)
#1 /home/vagrant/Code/dellconverged/vendor/laravel/framework/src/Illuminate/View/Engines/CompilerEngine.php(56): Illuminate\View\Engines\PhpEngine->evaluatePath('/home/vagrant/C...', Array)
#2 /home/vagrant/Code/dellconverged/vendor/laravel/framework/src/Illuminate/View/View.php(134): Illuminate\View\Engines\CompilerEngine->get('/home/vagrant/C...', Array)
#3 /home/vagrant/Code/dellconverged/vendor/laravel/framework/src/Illuminate/View/View.php(102): Illuminate\View\View->getContents()
#4 /home/vagrant/Code/dellconverged/vendor/laravel/framework/src/Illuminate/View/View.php(76): Illuminate\View\View->renderContents()
#5 /home/vagrant/Code/dellconverged/app/storage/views/4273e90171523f7af9e3eb3fe83ce731(114): Illuminate\View\View->render()
#6 /home/vagrant/Code/dellconverged/vendor/laravel/framework/src/Illuminate/View/Engines/PhpEngine.php(37): include('/home/vagrant/C...')
#7 /home/vagrant/Code/dellconverged/vendor/laravel/framework/src/Illuminate/View/Engines/CompilerEngine.php(56): Illuminate\View\Engines\PhpEngine->evaluatePath('/home/vagrant/C...', Array)
#8 /home/vagrant/Code/dellconverged/vendor/laravel/framework/src/Illuminate/View/View.php(134): Illuminate\View\Engines\CompilerEngine->get('/home/vagrant/C...', Array)
#9 /home/vagrant/Code/dellconverged/vendor/laravel/framework/src/Illuminate/View/View.php(102): Illuminate\View\View->getContents()
#10 /home/vagrant/Code/dellconverged/vendor/laravel/framework/src/Illuminate/View/View.php(76): Illuminate\View\View->renderContents()
#11 /home/vagrant/Code/dellconverged/app/storage/views/bcd70222fa904fb9a3c719103a977953(69): Illuminate\View\View->render()
#12 /home/vagrant/Code/dellconverged/vendor/laravel/framework/src/Illuminate/View/Engines/PhpEngine.php(37): include('/home/vagrant/C...')
#13 /home/vagrant/Code/dellconverged/vendor/laravel/framework/src/Illuminate/View/Engines/CompilerEngine.php(56): Illuminate\View\Engines\PhpEngine->evaluatePath('/home/vagrant/C...', Array)
#14 /home/vagrant/Code/dellconverged/vendor/laravel/framework/src/Illuminate/View/View.php(134): Illuminate\View\Engines\CompilerEngine->get('/home/vagrant/C...', Array)
#15 /home/vagrant/Code/dellconverged/vendor/laravel/framework/src/Illuminate/View/View.php(102): Illuminate\View\View->getContents()
#16 /home/vagrant/Code/dellconverged/vendor/laravel/framework/src/Illuminate/View/View.php(76): Illuminate\View\View->renderContents()
#17 /home/vagrant/Code/dellconverged/vendor/laravel/framework/src/Illuminate/Http/Response.php(43): Illuminate\View\View->render()
#18 /home/vagrant/Code/dellconverged/vendor/symfony/http-foundation/Symfony/Component/HttpFoundation/Response.php(202): Illuminate\Http\Response->setContent(Object(Illuminate\View\View))
#19 /home/vagrant/Code/dellconverged/vendor/laravel/framework/src/Illuminate/Routing/Router.php(1501): Symfony\Component\HttpFoundation\Response->__construct(Object(Illuminate\View\View))
#20 /home/vagrant/Code/dellconverged/vendor/laravel/framework/src/Illuminate/Routing/Router.php(1036): Illuminate\Routing\Router->prepareResponse(Object(Illuminate\Http\Request), Object(Illuminate\View\View))
#21 /home/vagrant/Code/dellconverged/vendor/laravel/framework/src/Illuminate/Routing/Router.php(1001): Illuminate\Routing\Router->dispatchToRoute(Object(Illuminate\Http\Request))
#22 /home/vagrant/Code/dellconverged/vendor/laravel/framework/src/Illuminate/Foundation/Application.php(775): Illuminate\Routing\Router->dispatch(Object(Illuminate\Http\Request))
#23 /home/vagrant/Code/dellconverged/vendor/laravel/framework/src/Illuminate/Foundation/Application.php(745): Illuminate\Foundation\Application->dispatch(Object(Illuminate\Http\Request))
#24 /home/vagrant/Code/dellconverged/vendor/laravel/framework/src/Illuminate/Session/Middleware.php(72): Illuminate\Foundation\Application->handle(Object(Illuminate\Http\Request), 1, true)
#25 /home/vagrant/Code/dellconverged/vendor/laravel/framework/src/Illuminate/Cookie/Queue.php(47): Illuminate\Session\Middleware->handle(Object(Illuminate\Http\Request), 1, true)
#26 /home/vagrant/Code/dellconverged/vendor/laravel/framework/src/Illuminate/Cookie/Guard.php(51): Illuminate\Cookie\Queue->handle(Object(Illuminate\Http\Request), 1, true)
#27 /home/vagrant/Code/dellconverged/vendor/stack/builder/src/Stack/StackedHttpKernel.php(23): Illuminate\Cookie\Guard->handle(Object(Illuminate\Http\Request), 1, true)
#28 /home/vagrant/Code/dellconverged/vendor/laravel/framework/src/Illuminate/Foundation/Application.php(641): Stack\StackedHttpKernel->handle(Object(Illuminate\Http\Request))
#29 /home/vagrant/Code/dellconverged/public/index.php(49): Illuminate\Foundation\Application->run()
#30 {main}

Next exception 'ErrorException' with message 'Use of undefined constant general - assumed 'general' (View: /home/vagrant/Code/dellconverged/app/views/_modal/disclaimer.blade.php) (View: /home/vagrant/Code/dellconverged/app/views/_modal/disclaimer.blade.php)' in /home/vagrant/Code/dellconverged/app/storage/views/78ff9bde9b7b05bdb1cee76e53c5ee0c:9
Stack trace:
#0 /home/vagrant/Code/dellconverged/vendor/laravel/framework/src/Illuminate/View/Engines/PhpEngine.php(41): Illuminate\View\Engines\CompilerEngine->handleViewException(Object(ErrorException), 1)
#1 /home/vagrant/Code/dellconverged/vendor/laravel/framework/src/Illuminate/View/Engines/CompilerEngine.php(56): Illuminate\View\Engines\PhpEngine->evaluatePath('/home/vagrant/C...', Array)
#2 /home/vagrant/Code/dellconverged/vendor/laravel/framework/src/Illuminate/View/View.php(134): Illuminate\View\Engines\CompilerEngine->get('/home/vagrant/C...', Array)
#3 /home/vagrant/Code/dellconverged/vendor/laravel/framework/src/Illuminate/View/View.php(102): Illuminate\View\View->getContents()
#4 /home/vagrant/Code/dellconverged/vendor/laravel/framework/src/Illuminate/View/View.php(76): Illuminate\View\View->renderContents()
#5 /home/vagrant/Code/dellconverged/app/storage/views/bcd70222fa904fb9a3c719103a977953(69): Illuminate\View\View->render()
#6 /home/vagrant/Code/dellconverged/vendor/laravel/framework/src/Illuminate/View/Engines/PhpEngine.php(37): include('/home/vagrant/C...')
#7 /home/vagrant/Code/dellconverged/vendor/laravel/framework/src/Illuminate/View/Engines/CompilerEngine.php(56): Illuminate\View\Engines\PhpEngine->evaluatePath('/home/vagrant/C...', Array)
#8 /home/vagrant/Code/dellconverged/vendor/laravel/framework/src/Illuminate/View/View.php(134): Illuminate\View\Engines\CompilerEngine->get('/home/vagrant/C...', Array)
#9 /home/vagrant/Code/dellconverged/vendor/laravel/framework/src/Illuminate/View/View.php(102): Illuminate\View\View->getContents()
#10 /home/vagrant/Code/dellconverged/vendor/laravel/framework/src/Illuminate/View/View.php(76): Illuminate\View\View->renderContents()
#11 /home/vagrant/Code/dellconverged/vendor/laravel/framework/src/Illuminate/Http/Response.php(43): Illuminate\View\View->render()
#12 /home/vagrant/Code/dellconverged/vendor/symfony/http-foundation/Symfony/Component/HttpFoundation/Response.php(202): Illuminate\Http\Response->setContent(Object(Illuminate\View\View))
#13 /home/vagrant/Code/dellconverged/vendor/laravel/framework/src/Illuminate/Routing/Router.php(1501): Symfony\Component\HttpFoundation\Response->__construct(Object(Illuminate\View\View))
#14 /home/vagrant/Code/dellconverged/vendor/laravel/framework/src/Illuminate/Routing/Router.php(1036): Illuminate\Routing\Router->prepareResponse(Object(Illuminate\Http\Request), Object(Illuminate\View\View))
#15 /home/vagrant/Code/dellconverged/vendor/laravel/framework/src/Illuminate/Routing/Router.php(1001): Illuminate\Routing\Router->dispatchToRoute(Object(Illuminate\Http\Request))
#16 /home/vagrant/Code/dellconverged/vendor/laravel/framework/src/Illuminate/Foundation/Application.php(775): Illuminate\Routing\Router->dispatch(Object(Illuminate\Http\Request))
#17 /home/vagrant/Code/dellconverged/vendor/laravel/framework/src/Illuminate/Foundation/Application.php(745): Illuminate\Foundation\Application->dispatch(Object(Illuminate\Http\Request))
#18 /home/vagrant/Code/dellconverged/vendor/laravel/framework/src/Illuminate/Session/Middleware.php(72): Illuminate\Foundation\Application->handle(Object(Illuminate\Http\Request), 1, true)
#19 /home/vagrant/Code/dellconverged/vendor/laravel/framework/src/Illuminate/Cookie/Queue.php(47): Illuminate\Session\Middleware->handle(Object(Illuminate\Http\Request), 1, true)
#20 /home/vagrant/Code/dellconverged/vendor/laravel/framework/src/Illuminate/Cookie/Guard.php(51): Illuminate\Cookie\Queue->handle(Object(Illuminate\Http\Request), 1, true)
#21 /home/vagrant/Code/dellconverged/vendor/stack/builder/src/Stack/StackedHttpKernel.php(23): Illuminate\Cookie\Guard->handle(Object(Illuminate\Http\Request), 1, true)
#22 /home/vagrant/Code/dellconverged/vendor/laravel/framework/src/Illuminate/Foundation/Application.php(641): Stack\StackedHttpKernel->handle(Object(Illuminate\Http\Request))
#23 /home/vagrant/Code/dellconverged/public/index.php(49): Illuminate\Foundation\Application->run()
#24 {main}

Next exception 'ErrorException' with message 'Use of undefined constant general - assumed 'general' (View: /home/vagrant/Code/dellconverged/app/views/_modal/disclaimer.blade.php) (View: /home/vagrant/Code/dellconverged/app/views/_modal/disclaimer.blade.php) (View: /home/vagrant/Code/dellconverged/app/views/_modal/disclaimer.blade.php)' in /home/vagrant/Code/dellconverged/app/storage/views/78ff9bde9b7b05bdb1cee76e53c5ee0c:9
Stack trace:
#0 /home/vagrant/Code/dellconverged/vendor/laravel/framework/src/Illuminate/View/Engines/PhpEngine.php(41): Illuminate\View\Engines\CompilerEngine->handleViewException(Object(ErrorException), 1)
#1 /home/vagrant/Code/dellconverged/vendor/laravel/framework/src/Illuminate/View/Engines/CompilerEngine.php(56): Illuminate\View\Engines\PhpEngine->evaluatePath('/home/vagrant/C...', Array)
#2 /home/vagrant/Code/dellconverged/vendor/laravel/framework/src/Illuminate/View/View.php(134): Illuminate\View\Engines\CompilerEngine->get('/home/vagrant/C...', Array)
#3 /home/vagrant/Code/dellconverged/vendor/laravel/framework/src/Illuminate/View/View.php(102): Illuminate\View\View->getContents()
#4 /home/vagrant/Code/dellconverged/vendor/laravel/framework/src/Illuminate/View/View.php(76): Illuminate\View\View->renderContents()
#5 /home/vagrant/Code/dellconverged/vendor/laravel/framework/src/Illuminate/Http/Response.php(43): Illuminate\View\View->render()
#6 /home/vagrant/Code/dellconverged/vendor/symfony/http-foundation/Symfony/Component/HttpFoundation/Response.php(202): Illuminate\Http\Response->setContent(Object(Illuminate\View\View))
#7 /home/vagrant/Code/dellconverged/vendor/laravel/framework/src/Illuminate/Routing/Router.php(1501): Symfony\Component\HttpFoundation\Response->__construct(Object(Illuminate\View\View))
#8 /home/vagrant/Code/dellconverged/vendor/laravel/framework/src/Illuminate/Routing/Router.php(1036): Illuminate\Routing\Router->prepareResponse(Object(Illuminate\Http\Request), Object(Illuminate\View\View))
#9 /home/vagrant/Code/dellconverged/vendor/laravel/framework/src/Illuminate/Routing/Router.php(1001): Illuminate\Routing\Router->dispatchToRoute(Object(Illuminate\Http\Request))
#10 /home/vagrant/Code/dellconverged/vendor/laravel/framework/src/Illuminate/Foundation/Application.php(775): Illuminate\Routing\Router->dispatch(Object(Illuminate\Http\Request))
#11 /home/vagrant/Code/dellconverged/vendor/laravel/framework/src/Illuminate/Foundation/Application.php(745): Illuminate\Foundation\Application->dispatch(Object(Illuminate\Http\Request))
#12 /home/vagrant/Code/dellconverged/vendor/laravel/framework/src/Illuminate/Session/Middleware.php(72): Illuminate\Foundation\Application->handle(Object(Illuminate\Http\Request), 1, true)
#13 /home/vagrant/Code/dellconverged/vendor/laravel/framework/src/Illuminate/Cookie/Queue.php(47): Illuminate\Session\Middleware->handle(Object(Illuminate\Http\Request), 1, true)
#14 /home/vagrant/Code/dellconverged/vendor/laravel/framework/src/Illuminate/Cookie/Guard.php(51): Illuminate\Cookie\Queue->handle(Object(Illuminate\Http\Request), 1, true)
#15 /home/vagrant/Code/dellconverged/vendor/stack/builder/src/Stack/StackedHttpKernel.php(23): Illuminate\Cookie\Guard->handle(Object(Illuminate\Http\Request), 1, true)
#16 /home/vagrant/Code/dellconverged/vendor/laravel/framework/src/Illuminate/Foundation/Application.php(641): Stack\StackedHttpKernel->handle(Object(Illuminate\Http\Request))
#17 /home/vagrant/Code/dellconverged/public/index.php(49): Illuminate\Foundation\Application->run()
#18 {main} [] []
[2015-11-19 14:36:43] local.ERROR: exception 'ErrorException' with message 'Undefined variable: isie' in /home/vagrant/Code/dellconverged/app/storage/views/6bb151734af54bae815d91721dfe1cec:24
Stack trace:
#0 /home/vagrant/Code/dellconverged/app/storage/views/6bb151734af54bae815d91721dfe1cec(24): Illuminate\Exception\Handler->handleError(8, 'Undefined varia...', '/home/vagrant/C...', 24, Array)
#1 /home/vagrant/Code/dellconverged/vendor/laravel/framework/src/Illuminate/View/Engines/PhpEngine.php(37): include('/home/vagrant/C...')
#2 /home/vagrant/Code/dellconverged/vendor/laravel/framework/src/Illuminate/View/Engines/CompilerEngine.php(56): Illuminate\View\Engines\PhpEngine->evaluatePath('/home/vagrant/C...', Array)
#3 /home/vagrant/Code/dellconverged/vendor/laravel/framework/src/Illuminate/View/View.php(134): Illuminate\View\Engines\CompilerEngine->get('/home/vagrant/C...', Array)
#4 /home/vagrant/Code/dellconverged/vendor/laravel/framework/src/Illuminate/View/View.php(102): Illuminate\View\View->getContents()
#5 /home/vagrant/Code/dellconverged/vendor/laravel/framework/src/Illuminate/View/View.php(76): Illuminate\View\View->renderContents()
#6 /home/vagrant/Code/dellconverged/vendor/laravel/framework/src/Illuminate/Http/Response.php(43): Illuminate\View\View->render()
#7 /home/vagrant/Code/dellconverged/vendor/symfony/http-foundation/Symfony/Component/HttpFoundation/Response.php(202): Illuminate\Http\Response->setContent(Object(Illuminate\View\View))
#8 /home/vagrant/Code/dellconverged/vendor/laravel/framework/src/Illuminate/Routing/Router.php(1501): Symfony\Component\HttpFoundation\Response->__construct(Object(Illuminate\View\View))
#9 /home/vagrant/Code/dellconverged/vendor/laravel/framework/src/Illuminate/Routing/Router.php(1036): Illuminate\Routing\Router->prepareResponse(Object(Illuminate\Http\Request), Object(Illuminate\View\View))
#10 /home/vagrant/Code/dellconverged/vendor/laravel/framework/src/Illuminate/Routing/Router.php(1001): Illuminate\Routing\Router->dispatchToRoute(Object(Illuminate\Http\Request))
#11 /home/vagrant/Code/dellconverged/vendor/laravel/framework/src/Illuminate/Foundation/Application.php(775): Illuminate\Routing\Router->dispatch(Object(Illuminate\Http\Request))
#12 /home/vagrant/Code/dellconverged/vendor/laravel/framework/src/Illuminate/Foundation/Application.php(745): Illuminate\Foundation\Application->dispatch(Object(Illuminate\Http\Request))
#13 /home/vagrant/Code/dellconverged/vendor/laravel/framework/src/Illuminate/Session/Middleware.php(72): Illuminate\Foundation\Application->handle(Object(Illuminate\Http\Request), 1, true)
#14 /home/vagrant/Code/dellconverged/vendor/laravel/framework/src/Illuminate/Cookie/Queue.php(47): Illuminate\Session\Middleware->handle(Object(Illuminate\Http\Request), 1, true)
#15 /home/vagrant/Code/dellconverged/vendor/laravel/framework/src/Illuminate/Cookie/Guard.php(51): Illuminate\Cookie\Queue->handle(Object(Illuminate\Http\Request), 1, true)
#16 /home/vagrant/Code/dellconverged/vendor/stack/builder/src/Stack/StackedHttpKernel.php(23): Illuminate\Cookie\Guard->handle(Object(Illuminate\Http\Request), 1, true)
#17 /home/vagrant/Code/dellconverged/vendor/laravel/framework/src/Illuminate/Foundation/Application.php(641): Stack\StackedHttpKernel->handle(Object(Illuminate\Http\Request))
#18 /home/vagrant/Code/dellconverged/public/index.php(49): Illuminate\Foundation\Application->run()
#19 {main}

Next exception 'ErrorException' with message 'Undefined variable: isie (View: /home/vagrant/Code/dellconverged/app/views/video.blade.php)' in /home/vagrant/Code/dellconverged/app/storage/views/6bb151734af54bae815d91721dfe1cec:24
Stack trace:
#0 /home/vagrant/Code/dellconverged/vendor/laravel/framework/src/Illuminate/View/Engines/PhpEngine.php(41): Illuminate\View\Engines\CompilerEngine->handleViewException(Object(ErrorException), 1)
#1 /home/vagrant/Code/dellconverged/vendor/laravel/framework/src/Illuminate/View/Engines/CompilerEngine.php(56): Illuminate\View\Engines\PhpEngine->evaluatePath('/home/vagrant/C...', Array)
#2 /home/vagrant/Code/dellconverged/vendor/laravel/framework/src/Illuminate/View/View.php(134): Illuminate\View\Engines\CompilerEngine->get('/home/vagrant/C...', Array)
#3 /home/vagrant/Code/dellconverged/vendor/laravel/framework/src/Illuminate/View/View.php(102): Illuminate\View\View->getContents()
#4 /home/vagrant/Code/dellconverged/vendor/laravel/framework/src/Illuminate/View/View.php(76): Illuminate\View\View->renderContents()
#5 /home/vagrant/Code/dellconverged/vendor/laravel/framework/src/Illuminate/Http/Response.php(43): Illuminate\View\View->render()
#6 /home/vagrant/Code/dellconverged/vendor/symfony/http-foundation/Symfony/Component/HttpFoundation/Response.php(202): Illuminate\Http\Response->setContent(Object(Illuminate\View\View))
#7 /home/vagrant/Code/dellconverged/vendor/laravel/framework/src/Illuminate/Routing/Router.php(1501): Symfony\Component\HttpFoundation\Response->__construct(Object(Illuminate\View\View))
#8 /home/vagrant/Code/dellconverged/vendor/laravel/framework/src/Illuminate/Routing/Router.php(1036): Illuminate\Routing\Router->prepareResponse(Object(Illuminate\Http\Request), Object(Illuminate\View\View))
#9 /home/vagrant/Code/dellconverged/vendor/laravel/framework/src/Illuminate/Routing/Router.php(1001): Illuminate\Routing\Router->dispatchToRoute(Object(Illuminate\Http\Request))
#10 /home/vagrant/Code/dellconverged/vendor/laravel/framework/src/Illuminate/Foundation/Application.php(775): Illuminate\Routing\Router->dispatch(Object(Illuminate\Http\Request))
#11 /home/vagrant/Code/dellconverged/vendor/laravel/framework/src/Illuminate/Foundation/Application.php(745): Illuminate\Foundation\Application->dispatch(Object(Illuminate\Http\Request))
#12 /home/vagrant/Code/dellconverged/vendor/laravel/framework/src/Illuminate/Session/Middleware.php(72): Illuminate\Foundation\Application->handle(Object(Illuminate\Http\Request), 1, true)
#13 /home/vagrant/Code/dellconverged/vendor/laravel/framework/src/Illuminate/Cookie/Queue.php(47): Illuminate\Session\Middleware->handle(Object(Illuminate\Http\Request), 1, true)
#14 /home/vagrant/Code/dellconverged/vendor/laravel/framework/src/Illuminate/Cookie/Guard.php(51): Illuminate\Cookie\Queue->handle(Object(Illuminate\Http\Request), 1, true)
#15 /home/vagrant/Code/dellconverged/vendor/stack/builder/src/Stack/StackedHttpKernel.php(23): Illuminate\Cookie\Guard->handle(Object(Illuminate\Http\Request), 1, true)
#16 /home/vagrant/Code/dellconverged/vendor/laravel/framework/src/Illuminate/Foundation/Application.php(641): Stack\StackedHttpKernel->handle(Object(Illuminate\Http\Request))
#17 /home/vagrant/Code/dellconverged/public/index.php(49): Illuminate\Foundation\Application->run()
#18 {main} [] []
[2015-11-19 18:05:06] local.ERROR: exception 'Symfony\Component\Debug\Exception\FatalErrorException' with message 'syntax error, unexpected ''take'' (T_CONSTANT_ENCAPSED_STRING), expecting ')'' in /home/vagrant/Code/dellconverged/app/lang/en/assets.php:15
Stack trace:
#0 [internal function]: Illuminate\Exception\Handler->handleShutdown()
#1 {main} [] []
[2015-11-19 18:14:47] local.ERROR: exception 'Symfony\Component\Debug\Exception\FatalErrorException' with message 'syntax error, unexpected ';'' in /home/vagrant/Code/dellconverged/app/storage/views/6bb151734af54bae815d91721dfe1cec:46
Stack trace:
#0 [internal function]: Illuminate\Exception\Handler->handleShutdown()
#1 {main} [] []
[2015-11-23 14:20:28] local.ERROR: exception 'UnexpectedValueException' with message 'The Response content must be a string or object implementing __toString(), "object" given.' in /home/vagrant/Code/dellconverged/vendor/symfony/http-foundation/Symfony/Component/HttpFoundation/Response.php:403
Stack trace:
#0 /home/vagrant/Code/dellconverged/vendor/laravel/framework/src/Illuminate/Http/Response.php(46): Symfony\Component\HttpFoundation\Response->setContent(Object(Illuminate\Routing\Route))
#1 /home/vagrant/Code/dellconverged/vendor/symfony/http-foundation/Symfony/Component/HttpFoundation/Response.php(202): Illuminate\Http\Response->setContent(Object(Illuminate\Routing\Route))
#2 /home/vagrant/Code/dellconverged/vendor/laravel/framework/src/Illuminate/Routing/Router.php(1501): Symfony\Component\HttpFoundation\Response->__construct(Object(Illuminate\Routing\Route))
#3 /home/vagrant/Code/dellconverged/vendor/laravel/framework/src/Illuminate/Routing/Router.php(1036): Illuminate\Routing\Router->prepareResponse(Object(Illuminate\Http\Request), Object(Illuminate\Routing\Route))
#4 /home/vagrant/Code/dellconverged/vendor/laravel/framework/src/Illuminate/Routing/Router.php(1001): Illuminate\Routing\Router->dispatchToRoute(Object(Illuminate\Http\Request))
#5 /home/vagrant/Code/dellconverged/vendor/laravel/framework/src/Illuminate/Foundation/Application.php(775): Illuminate\Routing\Router->dispatch(Object(Illuminate\Http\Request))
#6 /home/vagrant/Code/dellconverged/vendor/laravel/framework/src/Illuminate/Foundation/Application.php(745): Illuminate\Foundation\Application->dispatch(Object(Illuminate\Http\Request))
#7 /home/vagrant/Code/dellconverged/vendor/laravel/framework/src/Illuminate/Session/Middleware.php(72): Illuminate\Foundation\Application->handle(Object(Illuminate\Http\Request), 1, true)
#8 /home/vagrant/Code/dellconverged/vendor/laravel/framework/src/Illuminate/Cookie/Queue.php(47): Illuminate\Session\Middleware->handle(Object(Illuminate\Http\Request), 1, true)
#9 /home/vagrant/Code/dellconverged/vendor/laravel/framework/src/Illuminate/Cookie/Guard.php(51): Illuminate\Cookie\Queue->handle(Object(Illuminate\Http\Request), 1, true)
#10 /home/vagrant/Code/dellconverged/vendor/stack/builder/src/Stack/StackedHttpKernel.php(23): Illuminate\Cookie\Guard->handle(Object(Illuminate\Http\Request), 1, true)
#11 /home/vagrant/Code/dellconverged/vendor/laravel/framework/src/Illuminate/Foundation/Application.php(641): Stack\StackedHttpKernel->handle(Object(Illuminate\Http\Request))
#12 /home/vagrant/Code/dellconverged/public/index.php(49): Illuminate\Foundation\Application->run()
#13 {main} [] []
[2015-11-24 08:54:44] local.ERROR: exception 'InvalidArgumentException' with message 'Dotenv: Environment file .env not found or not readable. Create file with your environment settings at /home/vagrant/Code/dellconvergedmaturity/.env' in /home/vagrant/Code/dellconvergedmaturity/vendor/vlucas/phpdotenv/src/Dotenv.php:26
Stack trace:
#0 /home/vagrant/Code/dellconvergedmaturity/app/start/local.php(2): Dotenv::load('/home/vagrant/C...')
#1 /home/vagrant/Code/dellconvergedmaturity/vendor/laravel/framework/src/Illuminate/Foundation/start.php(254): require('/home/vagrant/C...')
#2 [internal function]: {closure}(Object(Illuminate\Foundation\Application))
#3 /home/vagrant/Code/dellconvergedmaturity/vendor/laravel/framework/src/Illuminate/Foundation/Application.php(830): call_user_func(Object(Closure), Object(Illuminate\Foundation\Application))
#4 /home/vagrant/Code/dellconvergedmaturity/vendor/laravel/framework/src/Illuminate/Foundation/Application.php(604): Illuminate\Foundation\Application->fireAppCallbacks(Array)
#5 /home/vagrant/Code/dellconvergedmaturity/vendor/laravel/framework/src/Illuminate/Foundation/Application.php(587): Illuminate\Foundation\Application->bootApplication()
#6 /home/vagrant/Code/dellconvergedmaturity/vendor/laravel/framework/src/Illuminate/Foundation/Application.php(743): Illuminate\Foundation\Application->boot()
#7 /home/vagrant/Code/dellconvergedmaturity/vendor/laravel/framework/src/Illuminate/Session/Middleware.php(72): Illuminate\Foundation\Application->handle(Object(Illuminate\Http\Request), 1, true)
#8 /home/vagrant/Code/dellconvergedmaturity/vendor/laravel/framework/src/Illuminate/Cookie/Queue.php(47): Illuminate\Session\Middleware->handle(Object(Illuminate\Http\Request), 1, true)
#9 /home/vagrant/Code/dellconvergedmaturity/vendor/laravel/framework/src/Illuminate/Cookie/Guard.php(51): Illuminate\Cookie\Queue->handle(Object(Illuminate\Http\Request), 1, true)
#10 /home/vagrant/Code/dellconvergedmaturity/vendor/stack/builder/src/Stack/StackedHttpKernel.php(23): Illuminate\Cookie\Guard->handle(Object(Illuminate\Http\Request), 1, true)
#11 /home/vagrant/Code/dellconvergedmaturity/vendor/laravel/framework/src/Illuminate/Foundation/Application.php(641): Stack\StackedHttpKernel->handle(Object(Illuminate\Http\Request))
#12 /home/vagrant/Code/dellconvergedmaturity/public/index.php(49): Illuminate\Foundation\Application->run()
#13 {main} [] []
[2015-11-24 19:42:28] local.ERROR: exception 'ErrorException' with message 'Undefined index: referer' in /home/vagrant/Code/dellconverged/app/storage/views/2628d1d08a930afe289929291798b1f7:52
Stack trace:
#0 /home/vagrant/Code/dellconverged/app/storage/views/2628d1d08a930afe289929291798b1f7(52): Illuminate\Exception\Handler->handleError(8, 'Undefined index...', '/home/vagrant/C...', 52, Array)
#1 /home/vagrant/Code/dellconverged/vendor/laravel/framework/src/Illuminate/View/Engines/PhpEngine.php(37): include('/home/vagrant/C...')
#2 /home/vagrant/Code/dellconverged/vendor/laravel/framework/src/Illuminate/View/Engines/CompilerEngine.php(56): Illuminate\View\Engines\PhpEngine->evaluatePath('/home/vagrant/C...', Array)
#3 /home/vagrant/Code/dellconverged/vendor/laravel/framework/src/Illuminate/View/View.php(134): Illuminate\View\Engines\CompilerEngine->get('/home/vagrant/C...', Array)
#4 /home/vagrant/Code/dellconverged/vendor/laravel/framework/src/Illuminate/View/View.php(102): Illuminate\View\View->getContents()
#5 /home/vagrant/Code/dellconverged/vendor/laravel/framework/src/Illuminate/View/View.php(76): Illuminate\View\View->renderContents()
#6 /home/vagrant/Code/dellconverged/vendor/laravel/framework/src/Illuminate/Http/Response.php(43): Illuminate\View\View->render()
#7 /home/vagrant/Code/dellconverged/vendor/symfony/http-foundation/Symfony/Component/HttpFoundation/Response.php(202): Illuminate\Http\Response->setContent(Object(Illuminate\View\View))
#8 /home/vagrant/Code/dellconverged/vendor/laravel/framework/src/Illuminate/Routing/Router.php(1501): Symfony\Component\HttpFoundation\Response->__construct(Object(Illuminate\View\View))
#9 /home/vagrant/Code/dellconverged/vendor/laravel/framework/src/Illuminate/Routing/Router.php(1036): Illuminate\Routing\Router->prepareResponse(Object(Illuminate\Http\Request), Object(Illuminate\View\View))
#10 /home/vagrant/Code/dellconverged/vendor/laravel/framework/src/Illuminate/Routing/Router.php(1001): Illuminate\Routing\Router->dispatchToRoute(Object(Illuminate\Http\Request))
#11 /home/vagrant/Code/dellconverged/vendor/laravel/framework/src/Illuminate/Foundation/Application.php(775): Illuminate\Routing\Router->dispatch(Object(Illuminate\Http\Request))
#12 /home/vagrant/Code/dellconverged/vendor/laravel/framework/src/Illuminate/Foundation/Application.php(745): Illuminate\Foundation\Application->dispatch(Object(Illuminate\Http\Request))
#13 /home/vagrant/Code/dellconverged/vendor/laravel/framework/src/Illuminate/Session/Middleware.php(72): Illuminate\Foundation\Application->handle(Object(Illuminate\Http\Request), 1, true)
#14 /home/vagrant/Code/dellconverged/vendor/laravel/framework/src/Illuminate/Cookie/Queue.php(47): Illuminate\Session\Middleware->handle(Object(Illuminate\Http\Request), 1, true)
#15 /home/vagrant/Code/dellconverged/vendor/laravel/framework/src/Illuminate/Cookie/Guard.php(51): Illuminate\Cookie\Queue->handle(Object(Illuminate\Http\Request), 1, true)
#16 /home/vagrant/Code/dellconverged/vendor/stack/builder/src/Stack/StackedHttpKernel.php(23): Illuminate\Cookie\Guard->handle(Object(Illuminate\Http\Request), 1, true)
#17 /home/vagrant/Code/dellconverged/vendor/laravel/framework/src/Illuminate/Foundation/Application.php(641): Stack\StackedHttpKernel->handle(Object(Illuminate\Http\Request))
#18 /home/vagrant/Code/dellconverged/public/index.php(49): Illuminate\Foundation\Application->run()
#19 {main}

Next exception 'ErrorException' with message 'Undefined index: referer (View: /home/vagrant/Code/dellconverged/app/views/complete.blade.php)' in /home/vagrant/Code/dellconverged/app/storage/views/2628d1d08a930afe289929291798b1f7:52
Stack trace:
#0 /home/vagrant/Code/dellconverged/vendor/laravel/framework/src/Illuminate/View/Engines/PhpEngine.php(41): Illuminate\View\Engines\CompilerEngine->handleViewException(Object(ErrorException), 1)
#1 /home/vagrant/Code/dellconverged/vendor/laravel/framework/src/Illuminate/View/Engines/CompilerEngine.php(56): Illuminate\View\Engines\PhpEngine->evaluatePath('/home/vagrant/C...', Array)
#2 /home/vagrant/Code/dellconverged/vendor/laravel/framework/src/Illuminate/View/View.php(134): Illuminate\View\Engines\CompilerEngine->get('/home/vagrant/C...', Array)
#3 /home/vagrant/Code/dellconverged/vendor/laravel/framework/src/Illuminate/View/View.php(102): Illuminate\View\View->getContents()
#4 /home/vagrant/Code/dellconverged/vendor/laravel/framework/src/Illuminate/View/View.php(76): Illuminate\View\View->renderContents()
#5 /home/vagrant/Code/dellconverged/vendor/laravel/framework/src/Illuminate/Http/Response.php(43): Illuminate\View\View->render()
#6 /home/vagrant/Code/dellconverged/vendor/symfony/http-foundation/Symfony/Component/HttpFoundation/Response.php(202): Illuminate\Http\Response->setContent(Object(Illuminate\View\View))
#7 /home/vagrant/Code/dellconverged/vendor/laravel/framework/src/Illuminate/Routing/Router.php(1501): Symfony\Component\HttpFoundation\Response->__construct(Object(Illuminate\View\View))
#8 /home/vagrant/Code/dellconverged/vendor/laravel/framework/src/Illuminate/Routing/Router.php(1036): Illuminate\Routing\Router->prepareResponse(Object(Illuminate\Http\Request), Object(Illuminate\View\View))
#9 /home/vagrant/Code/dellconverged/vendor/laravel/framework/src/Illuminate/Routing/Router.php(1001): Illuminate\Routing\Router->dispatchToRoute(Object(Illuminate\Http\Request))
#10 /home/vagrant/Code/dellconverged/vendor/laravel/framework/src/Illuminate/Foundation/Application.php(775): Illuminate\Routing\Router->dispatch(Object(Illuminate\Http\Request))
#11 /home/vagrant/Code/dellconverged/vendor/laravel/framework/src/Illuminate/Foundation/Application.php(745): Illuminate\Foundation\Application->dispatch(Object(Illuminate\Http\Request))
#12 /home/vagrant/Code/dellconverged/vendor/laravel/framework/src/Illuminate/Session/Middleware.php(72): Illuminate\Foundation\Application->handle(Object(Illuminate\Http\Request), 1, true)
#13 /home/vagrant/Code/dellconverged/vendor/laravel/framework/src/Illuminate/Cookie/Queue.php(47): Illuminate\Session\Middleware->handle(Object(Illuminate\Http\Request), 1, true)
#14 /home/vagrant/Code/dellconverged/vendor/laravel/framework/src/Illuminate/Cookie/Guard.php(51): Illuminate\Cookie\Queue->handle(Object(Illuminate\Http\Request), 1, true)
#15 /home/vagrant/Code/dellconverged/vendor/stack/builder/src/Stack/StackedHttpKernel.php(23): Illuminate\Cookie\Guard->handle(Object(Illuminate\Http\Request), 1, true)
#16 /home/vagrant/Code/dellconverged/vendor/laravel/framework/src/Illuminate/Foundation/Application.php(641): Stack\StackedHttpKernel->handle(Object(Illuminate\Http\Request))
#17 /home/vagrant/Code/dellconverged/public/index.php(49): Illuminate\Foundation\Application->run()
#18 {main} [] []
[2015-11-25 19:14:11] local.ERROR: exception 'ErrorException' with message 'Undefined index: referer' in /home/vagrant/Code/dellconverged/app/storage/views/2628d1d08a930afe289929291798b1f7:52
Stack trace:
#0 /home/vagrant/Code/dellconverged/app/storage/views/2628d1d08a930afe289929291798b1f7(52): Illuminate\Exception\Handler->handleError(8, 'Undefined index...', '/home/vagrant/C...', 52, Array)
#1 /home/vagrant/Code/dellconverged/vendor/laravel/framework/src/Illuminate/View/Engines/PhpEngine.php(37): include('/home/vagrant/C...')
#2 /home/vagrant/Code/dellconverged/vendor/laravel/framework/src/Illuminate/View/Engines/CompilerEngine.php(56): Illuminate\View\Engines\PhpEngine->evaluatePath('/home/vagrant/C...', Array)
#3 /home/vagrant/Code/dellconverged/vendor/laravel/framework/src/Illuminate/View/View.php(134): Illuminate\View\Engines\CompilerEngine->get('/home/vagrant/C...', Array)
#4 /home/vagrant/Code/dellconverged/vendor/laravel/framework/src/Illuminate/View/View.php(102): Illuminate\View\View->getContents()
#5 /home/vagrant/Code/dellconverged/vendor/laravel/framework/src/Illuminate/View/View.php(76): Illuminate\View\View->renderContents()
#6 /home/vagrant/Code/dellconverged/vendor/laravel/framework/src/Illuminate/Http/Response.php(43): Illuminate\View\View->render()
#7 /home/vagrant/Code/dellconverged/vendor/symfony/http-foundation/Symfony/Component/HttpFoundation/Response.php(202): Illuminate\Http\Response->setContent(Object(Illuminate\View\View))
#8 /home/vagrant/Code/dellconverged/vendor/laravel/framework/src/Illuminate/Routing/Router.php(1501): Symfony\Component\HttpFoundation\Response->__construct(Object(Illuminate\View\View))
#9 /home/vagrant/Code/dellconverged/vendor/laravel/framework/src/Illuminate/Routing/Router.php(1036): Illuminate\Routing\Router->prepareResponse(Object(Illuminate\Http\Request), Object(Illuminate\View\View))
#10 /home/vagrant/Code/dellconverged/vendor/laravel/framework/src/Illuminate/Routing/Router.php(1001): Illuminate\Routing\Router->dispatchToRoute(Object(Illuminate\Http\Request))
#11 /home/vagrant/Code/dellconverged/vendor/laravel/framework/src/Illuminate/Foundation/Application.php(775): Illuminate\Routing\Router->dispatch(Object(Illuminate\Http\Request))
#12 /home/vagrant/Code/dellconverged/vendor/laravel/framework/src/Illuminate/Foundation/Application.php(745): Illuminate\Foundation\Application->dispatch(Object(Illuminate\Http\Request))
#13 /home/vagrant/Code/dellconverged/vendor/laravel/framework/src/Illuminate/Session/Middleware.php(72): Illuminate\Foundation\Application->handle(Object(Illuminate\Http\Request), 1, true)
#14 /home/vagrant/Code/dellconverged/vendor/laravel/framework/src/Illuminate/Cookie/Queue.php(47): Illuminate\Session\Middleware->handle(Object(Illuminate\Http\Request), 1, true)
#15 /home/vagrant/Code/dellconverged/vendor/laravel/framework/src/Illuminate/Cookie/Guard.php(51): Illuminate\Cookie\Queue->handle(Object(Illuminate\Http\Request), 1, true)
#16 /home/vagrant/Code/dellconverged/vendor/stack/builder/src/Stack/StackedHttpKernel.php(23): Illuminate\Cookie\Guard->handle(Object(Illuminate\Http\Request), 1, true)
#17 /home/vagrant/Code/dellconverged/vendor/laravel/framework/src/Illuminate/Foundation/Application.php(641): Stack\StackedHttpKernel->handle(Object(Illuminate\Http\Request))
#18 /home/vagrant/Code/dellconverged/public/index.php(49): Illuminate\Foundation\Application->run()
#19 {main}

Next exception 'ErrorException' with message 'Undefined index: referer (View: /home/vagrant/Code/dellconverged/app/views/complete.blade.php)' in /home/vagrant/Code/dellconverged/app/storage/views/2628d1d08a930afe289929291798b1f7:52
Stack trace:
#0 /home/vagrant/Code/dellconverged/vendor/laravel/framework/src/Illuminate/View/Engines/PhpEngine.php(41): Illuminate\View\Engines\CompilerEngine->handleViewException(Object(ErrorException), 1)
#1 /home/vagrant/Code/dellconverged/vendor/laravel/framework/src/Illuminate/View/Engines/CompilerEngine.php(56): Illuminate\View\Engines\PhpEngine->evaluatePath('/home/vagrant/C...', Array)
#2 /home/vagrant/Code/dellconverged/vendor/laravel/framework/src/Illuminate/View/View.php(134): Illuminate\View\Engines\CompilerEngine->get('/home/vagrant/C...', Array)
#3 /home/vagrant/Code/dellconverged/vendor/laravel/framework/src/Illuminate/View/View.php(102): Illuminate\View\View->getContents()
#4 /home/vagrant/Code/dellconverged/vendor/laravel/framework/src/Illuminate/View/View.php(76): Illuminate\View\View->renderContents()
#5 /home/vagrant/Code/dellconverged/vendor/laravel/framework/src/Illuminate/Http/Response.php(43): Illuminate\View\View->render()
#6 /home/vagrant/Code/dellconverged/vendor/symfony/http-foundation/Symfony/Component/HttpFoundation/Response.php(202): Illuminate\Http\Response->setContent(Object(Illuminate\View\View))
#7 /home/vagrant/Code/dellconverged/vendor/laravel/framework/src/Illuminate/Routing/Router.php(1501): Symfony\Component\HttpFoundation\Response->__construct(Object(Illuminate\View\View))
#8 /home/vagrant/Code/dellconverged/vendor/laravel/framework/src/Illuminate/Routing/Router.php(1036): Illuminate\Routing\Router->prepareResponse(Object(Illuminate\Http\Request), Object(Illuminate\View\View))
#9 /home/vagrant/Code/dellconverged/vendor/laravel/framework/src/Illuminate/Routing/Router.php(1001): Illuminate\Routing\Router->dispatchToRoute(Object(Illuminate\Http\Request))
#10 /home/vagrant/Code/dellconverged/vendor/laravel/framework/src/Illuminate/Foundation/Application.php(775): Illuminate\Routing\Router->dispatch(Object(Illuminate\Http\Request))
#11 /home/vagrant/Code/dellconverged/vendor/laravel/framework/src/Illuminate/Foundation/Application.php(745): Illuminate\Foundation\Application->dispatch(Object(Illuminate\Http\Request))
#12 /home/vagrant/Code/dellconverged/vendor/laravel/framework/src/Illuminate/Session/Middleware.php(72): Illuminate\Foundation\Application->handle(Object(Illuminate\Http\Request), 1, true)
#13 /home/vagrant/Code/dellconverged/vendor/laravel/framework/src/Illuminate/Cookie/Queue.php(47): Illuminate\Session\Middleware->handle(Object(Illuminate\Http\Request), 1, true)
#14 /home/vagrant/Code/dellconverged/vendor/laravel/framework/src/Illuminate/Cookie/Guard.php(51): Illuminate\Cookie\Queue->handle(Object(Illuminate\Http\Request), 1, true)
#15 /home/vagrant/Code/dellconverged/vendor/stack/builder/src/Stack/StackedHttpKernel.php(23): Illuminate\Cookie\Guard->handle(Object(Illuminate\Http\Request), 1, true)
#16 /home/vagrant/Code/dellconverged/vendor/laravel/framework/src/Illuminate/Foundation/Application.php(641): Stack\StackedHttpKernel->handle(Object(Illuminate\Http\Request))
#17 /home/vagrant/Code/dellconverged/public/index.php(49): Illuminate\Foundation\Application->run()
#18 {main} [] []
[2015-11-25 19:18:59] local.ERROR: exception 'ErrorException' with message 'Undefined offset: 1' in /home/vagrant/Code/dellconverged/app/controllers/AssesmentController.php:430
Stack trace:
#0 /home/vagrant/Code/dellconverged/app/controllers/AssesmentController.php(430): Illuminate\Exception\Handler->handleError(8, 'Undefined offse...', '/home/vagrant/C...', 430, Array)
#1 /home/vagrant/Code/dellconverged/app/controllers/AssesmentController.php(237): AssesmentController->calcResults()
#2 [internal function]: AssesmentController->getComplete()
#3 /home/vagrant/Code/dellconverged/vendor/laravel/framework/src/Illuminate/Routing/Controller.php(231): call_user_func_array(Array, Array)
#4 /home/vagrant/Code/dellconverged/vendor/laravel/framework/src/Illuminate/Routing/ControllerDispatcher.php(93): Illuminate\Routing\Controller->callAction('getComplete', Array)
#5 /home/vagrant/Code/dellconverged/vendor/laravel/framework/src/Illuminate/Routing/ControllerDispatcher.php(62): Illuminate\Routing\ControllerDispatcher->call(Object(AssesmentController), Object(Illuminate\Routing\Route), 'getComplete')
#6 /home/vagrant/Code/dellconverged/vendor/laravel/framework/src/Illuminate/Routing/Router.php(967): Illuminate\Routing\ControllerDispatcher->dispatch(Object(Illuminate\Routing\Route), Object(Illuminate\Http\Request), 'AssesmentContro...', 'getComplete')
#7 [internal function]: Illuminate\Routing\Router->Illuminate\Routing\{closure}()
#8 /home/vagrant/Code/dellconverged/vendor/laravel/framework/src/Illuminate/Routing/Route.php(109): call_user_func_array(Object(Closure), Array)
#9 /home/vagrant/Code/dellconverged/vendor/laravel/framework/src/Illuminate/Routing/Router.php(1033): Illuminate\Routing\Route->run(Object(Illuminate\Http\Request))
#10 /home/vagrant/Code/dellconverged/vendor/laravel/framework/src/Illuminate/Routing/Router.php(1001): Illuminate\Routing\Router->dispatchToRoute(Object(Illuminate\Http\Request))
#11 /home/vagrant/Code/dellconverged/vendor/laravel/framework/src/Illuminate/Foundation/Application.php(775): Illuminate\Routing\Router->dispatch(Object(Illuminate\Http\Request))
#12 /home/vagrant/Code/dellconverged/vendor/laravel/framework/src/Illuminate/Foundation/Application.php(745): Illuminate\Foundation\Application->dispatch(Object(Illuminate\Http\Request))
#13 /home/vagrant/Code/dellconverged/vendor/laravel/framework/src/Illuminate/Session/Middleware.php(72): Illuminate\Foundation\Application->handle(Object(Illuminate\Http\Request), 1, true)
#14 /home/vagrant/Code/dellconverged/vendor/laravel/framework/src/Illuminate/Cookie/Queue.php(47): Illuminate\Session\Middleware->handle(Object(Illuminate\Http\Request), 1, true)
#15 /home/vagrant/Code/dellconverged/vendor/laravel/framework/src/Illuminate/Cookie/Guard.php(51): Illuminate\Cookie\Queue->handle(Object(Illuminate\Http\Request), 1, true)
#16 /home/vagrant/Code/dellconverged/vendor/stack/builder/src/Stack/StackedHttpKernel.php(23): Illuminate\Cookie\Guard->handle(Object(Illuminate\Http\Request), 1, true)
#17 /home/vagrant/Code/dellconverged/vendor/laravel/framework/src/Illuminate/Foundation/Application.php(641): Stack\StackedHttpKernel->handle(Object(Illuminate\Http\Request))
#18 /home/vagrant/Code/dellconverged/public/index.php(49): Illuminate\Foundation\Application->run()
#19 {main} [] []
[2015-11-25 19:19:57] local.ERROR: exception 'ErrorException' with message 'Undefined offset: 1' in /home/vagrant/Code/dellconverged/app/controllers/AssesmentController.php:430
Stack trace:
#0 /home/vagrant/Code/dellconverged/app/controllers/AssesmentController.php(430): Illuminate\Exception\Handler->handleError(8, 'Undefined offse...', '/home/vagrant/C...', 430, Array)
#1 /home/vagrant/Code/dellconverged/app/controllers/AssesmentController.php(237): AssesmentController->calcResults()
#2 [internal function]: AssesmentController->getComplete()
#3 /home/vagrant/Code/dellconverged/vendor/laravel/framework/src/Illuminate/Routing/Controller.php(231): call_user_func_array(Array, Array)
#4 /home/vagrant/Code/dellconverged/vendor/laravel/framework/src/Illuminate/Routing/ControllerDispatcher.php(93): Illuminate\Routing\Controller->callAction('getComplete', Array)
#5 /home/vagrant/Code/dellconverged/vendor/laravel/framework/src/Illuminate/Routing/ControllerDispatcher.php(62): Illuminate\Routing\ControllerDispatcher->call(Object(AssesmentController), Object(Illuminate\Routing\Route), 'getComplete')
#6 /home/vagrant/Code/dellconverged/vendor/laravel/framework/src/Illuminate/Routing/Router.php(967): Illuminate\Routing\ControllerDispatcher->dispatch(Object(Illuminate\Routing\Route), Object(Illuminate\Http\Request), 'AssesmentContro...', 'getComplete')
#7 [internal function]: Illuminate\Routing\Router->Illuminate\Routing\{closure}()
#8 /home/vagrant/Code/dellconverged/vendor/laravel/framework/src/Illuminate/Routing/Route.php(109): call_user_func_array(Object(Closure), Array)
#9 /home/vagrant/Code/dellconverged/vendor/laravel/framework/src/Illuminate/Routing/Router.php(1033): Illuminate\Routing\Route->run(Object(Illuminate\Http\Request))
#10 /home/vagrant/Code/dellconverged/vendor/laravel/framework/src/Illuminate/Routing/Router.php(1001): Illuminate\Routing\Router->dispatchToRoute(Object(Illuminate\Http\Request))
#11 /home/vagrant/Code/dellconverged/vendor/laravel/framework/src/Illuminate/Foundation/Application.php(775): Illuminate\Routing\Router->dispatch(Object(Illuminate\Http\Request))
#12 /home/vagrant/Code/dellconverged/vendor/laravel/framework/src/Illuminate/Foundation/Application.php(745): Illuminate\Foundation\Application->dispatch(Object(Illuminate\Http\Request))
#13 /home/vagrant/Code/dellconverged/vendor/laravel/framework/src/Illuminate/Session/Middleware.php(72): Illuminate\Foundation\Application->handle(Object(Illuminate\Http\Request), 1, true)
#14 /home/vagrant/Code/dellconverged/vendor/laravel/framework/src/Illuminate/Cookie/Queue.php(47): Illuminate\Session\Middleware->handle(Object(Illuminate\Http\Request), 1, true)
#15 /home/vagrant/Code/dellconverged/vendor/laravel/framework/src/Illuminate/Cookie/Guard.php(51): Illuminate\Cookie\Queue->handle(Object(Illuminate\Http\Request), 1, true)
#16 /home/vagrant/Code/dellconverged/vendor/stack/builder/src/Stack/StackedHttpKernel.php(23): Illuminate\Cookie\Guard->handle(Object(Illuminate\Http\Request), 1, true)
#17 /home/vagrant/Code/dellconverged/vendor/laravel/framework/src/Illuminate/Foundation/Application.php(641): Stack\StackedHttpKernel->handle(Object(Illuminate\Http\Request))
#18 /home/vagrant/Code/dellconverged/public/index.php(49): Illuminate\Foundation\Application->run()
#19 {main} [] []
